<?xml version="1.0" encoding="utf-8"?><testsuites name="pytest tests"><testsuite name="pytest" errors="0" failures="1" skipped="0" tests="9" time="1.583" timestamp="2026-08-11T13:17:03.421436+00:00" hostname="agent-env-b116be24-b513-4b5e-b5fc-c59731e589e8"><testcase classname="tests.test_customer_autocomplete.TestAutocomplete" name="test_requires_auth" time="0.559" /><testcase classname="tests.test_customer_autocomplete.TestAutocomplete" name="test_empty_query_returns_empty" time="0.424" /><testcase classname="tests.test_customer_autocomplete.TestAutocomplete" name="test_short_query_returns_empty" time="0.065" /><testcase classname="tests.test_customer_autocomplete.TestAutocomplete" name="test_search_by_name_prefix" time="0.114" /><testcase classname="tests.test_customer_autocomplete.TestAutocomplete" name="test_search_by_mobile_prefix" time="0.055" /><testcase classname="tests.test_customer_autocomplete.TestAutocomplete" name="test_case_insensitive" time="0.118" /><testcase classname="tests.test_customer_autocomplete.TestAutocomplete" name="test_dedup_by_mobile" time="0.061" /><testcase classname="tests.test_customer_autocomplete.TestAutocomplete" name="test_no_match_returns_empty" time="0.073" /><testcase classname="tests.test_customer_autocomplete.TestAutocomplete" name="test_regex_special_chars_do_not_500" time="0.055"><failure message="AssertionError: q='((' -&gt; 500 Internal Server Error&#10;assert 500 == 200&#10; +  where 500 = &lt;Response [500]&gt;.status_code">E   AssertionError: q='((' -&gt; 500 Internal Server Error
    assert 500 == 200
     +  where 500 = &lt;Response [500]&gt;.status_code</failure></testcase></testsuite></testsuites>