<?xml version="1.0" encoding="utf-8"?><testsuites name="pytest tests"><testsuite name="pytest" errors="0" failures="0" skipped="0" tests="19" time="17.620" timestamp="2026-07-30T13:36:16.873603+00:00" hostname="agent-env-b116be24-b513-4b5e-b5fc-c59731e589e8"><testcase classname="tests.test_email_integration.TestHealth" name="test_health" time="0.183" /><testcase classname="tests.test_email_integration.TestForgotPassword" name="test_forgot_password_valid_user" time="0.083" /><testcase classname="tests.test_email_integration.TestForgotPassword" name="test_forgot_password_unknown_email_same_response" time="0.064" /><testcase classname="tests.test_email_integration.TestForgotPassword" name="test_forgot_password_unknown_subdomain" time="0.051" /><testcase classname="tests.test_email_integration.TestForgotPassword" name="test_forgot_password_invalid_email_format" time="0.047" /><testcase classname="tests.test_email_integration.TestForgotPassword" name="test_forgot_password_missing_subdomain" time="0.053" /><testcase classname="tests.test_email_integration.TestForgotPassword" name="test_forgot_password_attempts_email_send" time="6.057" /><testcase classname="tests.test_email_integration.TestResetPassword" name="test_reset_with_invalid_token" time="0.049" /><testcase classname="tests.test_email_integration.TestResetPassword" name="test_reset_missing_fields" time="0.045" /><testcase classname="tests.test_email_integration.TestResetPassword" name="test_full_reset_flow_and_login" time="1.351" /><testcase classname="tests.test_email_integration.TestSignupWelcomeEmail" name="test_signup_triggers_welcome_and_admin_alert" time="8.282" /><testcase classname="tests.test_email_integration.TestSignupWelcomeEmail" name="test_signup_duplicate_subdomain_rejected" time="0.049" /><testcase classname="tests.test_email_integration.TestTriggerEmailChecks" name="test_requires_auth" time="0.145" /><testcase classname="tests.test_email_integration.TestTriggerEmailChecks" name="test_rejects_tenant_token" time="0.382" /><testcase classname="tests.test_email_integration.TestTriggerEmailChecks" name="test_trigger_email_checks_success" time="0.424" /><testcase classname="tests.test_email_integration.TestScheduler" name="test_scheduler_started_log" time="0.005" /><testcase classname="tests.test_email_integration.TestEmailServiceModule" name="test_api_key_and_sender_configured" time="0.069" /><testcase classname="tests.test_email_integration.TestEmailServiceModule" name="test_templates_render" time="0.000" /><testcase classname="tests.test_email_integration.TestEmailServiceModule" name="test_send_email_returns_structured_result" time="0.200" /></testsuite></testsuites>