<?xml version="1.0" encoding="utf-8"?><testsuites name="pytest tests"><testsuite name="pytest" errors="0" failures="0" skipped="0" tests="17" time="2.462" timestamp="2026-07-30T20:04:14.495902+00:00" hostname="agent-env-b116be24-b513-4b5e-b5fc-c59731e589e8"><testcase classname="tests.test_device_detail_declined.TestDeviceDetailEndpoint" name="test_detail_by_uuid" time="0.559" /><testcase classname="tests.test_device_detail_declined.TestDeviceDetailEndpoint" name="test_detail_404" time="0.058" /><testcase classname="tests.test_device_detail_declined.TestDeviceDetailEndpoint" name="test_detail_requires_auth" time="0.149" /><testcase classname="tests.test_device_detail_declined.TestDeviceDetailEndpoint" name="test_sell_blocked_before_signature" time="0.061" /><testcase classname="tests.test_device_detail_declined.TestDeviceDetailEndpoint" name="test_sign_then_sell_flow" time="0.241" /><testcase classname="tests.test_device_detail_declined.TestDeviceDetailEndpoint" name="test_double_sell_rejected" time="0.057" /><testcase classname="tests.test_device_detail_declined.TestDeviceDetailEndpoint" name="test_status_change_invalid_for_sold" time="0.068" /><testcase classname="tests.test_device_detail_declined.TestProfitPasswordStatus" name="test_status_endpoint" time="0.057" /><testcase classname="tests.test_device_detail_declined.TestProfitPasswordStatus" name="test_verify_wrong_password" time="0.074" /><testcase classname="tests.test_device_detail_declined.TestDeclinedIntakes" name="test_requires_auth" time="0.117" /><testcase classname="tests.test_device_detail_declined.TestDeclinedIntakes" name="test_list" time="0.057" /><testcase classname="tests.test_device_detail_declined.TestDeclinedIntakes" name="test_create_and_persist" time="0.142" /><testcase classname="tests.test_device_detail_declined.TestDeclinedIntakes" name="test_create_missing_required_422" time="0.057" /><testcase classname="tests.test_device_detail_declined.TestDeclinedIntakes" name="test_search_no_match" time="0.084" /><testcase classname="tests.test_device_detail_declined.TestModuleSettingsUI" name="test_get_modules_shape" time="0.069" /><testcase classname="tests.test_device_detail_declined.TestModuleSettingsUI" name="test_toggle_off_and_on" time="0.354" /><testcase classname="tests.test_device_detail_declined.TestModuleSettingsUI" name="test_invalid_module_key" time="0.181" /></testsuite></testsuites>