<?xml version="1.0" encoding="utf-8"?><testsuites name="pytest tests"><testsuite name="pytest" errors="0" failures="3" skipped="0" tests="19" time="5.057" timestamp="2026-02-28T14:50:30.767947+00:00" hostname="agent-env-b116be24-b513-4b5e-b5fc-c59731e589e8"><testcase classname="backend.tests.test_roles.TestRoleManagement" name="test_get_roles_returns_default_roles" time="0.621" /><testcase classname="backend.tests.test_roles.TestRoleManagement" name="test_system_roles_have_correct_structure" time="0.116" /><testcase classname="backend.tests.test_roles.TestRoleManagement" name="test_admin_role_has_full_access" time="0.112" /><testcase classname="backend.tests.test_roles.TestRoleManagement" name="test_get_roles_unauthorized" time="0.102" /><testcase classname="backend.tests.test_roles.TestRoleManagement" name="test_create_custom_role" time="0.237" /><testcase classname="backend.tests.test_roles.TestRoleManagement" name="test_create_role_duplicate_name_fails" time="0.098" /><testcase classname="backend.tests.test_roles.TestRoleManagement" name="test_create_role_requires_admin" time="0.174" /><testcase classname="backend.tests.test_roles.TestRoleManagement" name="test_update_custom_role" time="0.337" /><testcase classname="backend.tests.test_roles.TestRoleManagement" name="test_update_system_role_permissions" time="0.253" /><testcase classname="backend.tests.test_roles.TestRoleManagement" name="test_cannot_rename_admin_role" time="0.211" /><testcase classname="backend.tests.test_roles.TestRoleManagement" name="test_update_nonexistent_role" time="0.115" /><testcase classname="backend.tests.test_roles.TestRoleManagement" name="test_delete_custom_role" time="0.378" /><testcase classname="backend.tests.test_roles.TestRoleManagement" name="test_cannot_delete_system_roles" time="0.599" /><testcase classname="backend.tests.test_roles.TestRoleManagement" name="test_delete_nonexistent_role" time="0.107" /><testcase classname="backend.tests.test_roles.TestRoleManagement" name="test_get_single_role" time="0.112" /><testcase classname="backend.tests.test_roles.TestRoleManagement" name="test_get_nonexistent_role" time="0.239" /><testcase classname="backend.tests.test_roles.TestUserRoleAssignment" name="test_create_user_with_role_id" time="0.549"><failure message="AssertionError: Expected 200, got 403: {&quot;detail&quot;:&quot;User limit reached (1/1). Upgrade your plan to add more users.&quot;}&#10;assert 403 == 200&#10; +  where 403 = &lt;Response [403]&gt;.status_code">backend/tests/test_roles.py:486: in test_create_user_with_role_id
    assert response.status_code == 200, f"Expected 200, got {response.status_code}: {response.text}"
E   AssertionError: Expected 200, got 403: {"detail":"User limit reached (1/1). Upgrade your plan to add more users."}
E   assert 403 == 200
E    +  where 403 = &lt;Response [403]&gt;.status_code</failure></testcase><testcase classname="backend.tests.test_roles.TestUserRoleAssignment" name="test_create_user_with_multiple_branches" time="0.253"><failure message="AssertionError: Expected 200, got 403: {&quot;detail&quot;:&quot;User limit reached (1/1). Upgrade your plan to add more users.&quot;}&#10;assert 403 == 200&#10; +  where 403 = &lt;Response [403]&gt;.status_code">backend/tests/test_roles.py:519: in test_create_user_with_multiple_branches
    assert response.status_code == 200, f"Expected 200, got {response.status_code}: {response.text}"
E   AssertionError: Expected 200, got 403: {"detail":"User limit reached (1/1). Upgrade your plan to add more users."}
E   assert 403 == 200
E    +  where 403 = &lt;Response [403]&gt;.status_code</failure></testcase><testcase classname="backend.tests.test_roles.TestUserRoleAssignment" name="test_update_user_role_and_branches" time="0.322"><failure message="assert 403 == 200&#10; +  where 403 = &lt;Response [403]&gt;.status_code">backend/tests/test_roles.py:549: in test_update_user_role_and_branches
    assert create_response.status_code == 200
E   assert 403 == 200
E    +  where 403 = &lt;Response [403]&gt;.status_code</failure></testcase></testsuite></testsuites>