<?xml version="1.0" encoding="utf-8"?><testsuites name="pytest tests"><testsuite name="pytest" errors="0" failures="0" skipped="0" tests="20" time="4.221" timestamp="2026-01-15T09:57:01.235945+00:00" hostname="agent-env-0e120f87-73af-47f3-9181-3971e2b9faf5"><testcase classname="tests.test_p1_p2_features.TestPublicTracking" name="test_public_track_valid_job" time="0.108" /><testcase classname="tests.test_p1_p2_features.TestPublicTracking" name="test_public_track_invalid_job_number" time="0.034" /><testcase classname="tests.test_p1_p2_features.TestPublicTracking" name="test_public_track_invalid_token" time="0.036" /><testcase classname="tests.test_p1_p2_features.TestPublicTracking" name="test_public_track_no_auth_required" time="0.035" /><testcase classname="tests.test_p1_p2_features.TestAuthentication" name="test_login_success" time="0.255" /><testcase classname="tests.test_p1_p2_features.TestTrackingLink" name="test_get_tracking_link" time="0.297" /><testcase classname="tests.test_p1_p2_features.TestTrackingLink" name="test_tracking_link_requires_auth" time="0.075" /><testcase classname="tests.test_p1_p2_features.TestJobWithTrackingToken" name="test_job_has_tracking_token" time="0.292" /><testcase classname="tests.test_p1_p2_features.TestJobWithTrackingToken" name="test_job_has_photos_field" time="0.296" /><testcase classname="tests.test_p1_p2_features.TestPhotoUpload" name="test_upload_photo_before_type" time="0.297" /><testcase classname="tests.test_p1_p2_features.TestPhotoUpload" name="test_upload_photo_damage_type" time="0.293" /><testcase classname="tests.test_p1_p2_features.TestPhotoUpload" name="test_upload_photo_after_type" time="0.335" /><testcase classname="tests.test_p1_p2_features.TestPhotoUpload" name="test_upload_photo_requires_auth" time="0.031" /><testcase classname="tests.test_p1_p2_features.TestPhotoUpload" name="test_upload_invalid_file_type" time="0.294" /><testcase classname="tests.test_p1_p2_features.TestPhotoDelete" name="test_delete_photo" time="0.363" /><testcase classname="tests.test_p1_p2_features.TestPhotoDelete" name="test_delete_nonexistent_photo" time="0.291" /><testcase classname="tests.test_p1_p2_features.TestPhotoDelete" name="test_delete_photo_requires_auth" time="0.030" /><testcase classname="tests.test_p1_p2_features.TestPDFWithQRCode" name="test_pdf_generation" time="0.356" /><testcase classname="tests.test_p1_p2_features.TestPDFWithQRCode" name="test_pdf_requires_auth" time="0.072" /><testcase classname="tests.test_p1_p2_features.TestJobCreationWithTrackingToken" name="test_new_job_has_tracking_token" time="0.294" /></testsuite></testsuites>