<?xml version="1.0" encoding="utf-8"?><testsuites name="pytest tests"><testsuite name="pytest" errors="0" failures="2" skipped="0" tests="27" time="5.009" timestamp="2026-01-16T14:02:21.867396+00:00" hostname="agent-env-1613fd83-96ca-450f-82d0-5f431bbd8a71"><testcase classname="tests.test_super_admin_new_features.TestSuperAdminLogin" name="test_login_success" time="0.292"><failure message="AssertionError: Response should contain admin info&#10;assert 'admin' in {'token': 'eyJhbGciOiJIUzI1NiIsInR5cCI6IkpXVCJ9.eyJ1c2VyX2lkIjoiYjU5NWYzZTktYzBiMC00NWY1LTgyNGYtZjE3Mjc2ZjM0ZjJkIiwicm9sZSI6InN1cGVyX2FkbWluIiwiaXNfc3VwZXJfYWRtaW4iOnRydWUsImV4cCI6MTc2ODY1ODU0Mn0.L6i_rI3ipYWQOBmhCLVm-TmKESO3OuvDxRX2jK9E1Zo', 'user': {'created_at': '2026-01-15T09:43:11.781690+00:00', 'email': 'superadmin@aftersales.pro', 'id': 'b595f3e9-c0b0-45f5-824f-f17276f34f2d', 'name': 'Super Admin', ...}}">tests/test_super_admin_new_features.py:36: in test_login_success
    assert "admin" in data, "Response should contain admin info"
E   AssertionError: Response should contain admin info
E   assert 'admin' in {'token': 'eyJhbGciOiJIUzI1NiIsInR5cCI6IkpXVCJ9.eyJ1c2VyX2lkIjoiYjU5NWYzZTktYzBiMC00NWY1LTgyNGYtZjE3Mjc2ZjM0ZjJkIiwicm9sZSI6InN1cGVyX2FkbWluIiwiaXNfc3VwZXJfYWRtaW4iOnRydWUsImV4cCI6MTc2ODY1ODU0Mn0.L6i_rI3ipYWQOBmhCLVm-TmKESO3OuvDxRX2jK9E1Zo', 'user': {'created_at': '2026-01-15T09:43:11.781690+00:00', 'email': 'superadmin@aftersales.pro', 'id': 'b595f3e9-c0b0-45f5-824f-f17276f34f2d', 'name': 'Super Admin', ...}}</failure></testcase><testcase classname="tests.test_super_admin_new_features.TestSuperAdminLogin" name="test_login_invalid_credentials" time="0.047" /><testcase classname="tests.test_super_admin_new_features.TestSuperAdminLogin" name="test_login_missing_fields" time="0.044" /><testcase classname="tests.test_super_admin_new_features.TestCreateShop" name="test_create_shop_requires_auth" time="0.041" /><testcase classname="tests.test_super_admin_new_features.TestCreateShop" name="test_create_shop_success" time="0.533" /><testcase classname="tests.test_super_admin_new_features.TestCreateShop" name="test_create_shop_duplicate_subdomain" time="0.299" /><testcase classname="tests.test_super_admin_new_features.TestCreateShop" name="test_create_shop_duplicate_email" time="0.302" /><testcase classname="tests.test_super_admin_new_features.TestCreateShop" name="test_create_shop_with_plan" time="0.263" /><testcase classname="tests.test_super_admin_new_features.TestAnalyticsAPI" name="test_analytics_requires_auth" time="0.040" /><testcase classname="tests.test_super_admin_new_features.TestAnalyticsAPI" name="test_analytics_success" time="0.047" /><testcase classname="tests.test_super_admin_new_features.TestAnalyticsAPI" name="test_analytics_data_types" time="0.048" /><testcase classname="tests.test_super_admin_new_features.TestAssignPlan" name="test_assign_plan_requires_auth" time="0.302" /><testcase classname="tests.test_super_admin_new_features.TestAssignPlan" name="test_assign_plan_success" time="0.305" /><testcase classname="tests.test_super_admin_new_features.TestAssignPlan" name="test_assign_plan_invalid_tenant" time="0.040" /><testcase classname="tests.test_super_admin_new_features.TestExtendValidity" name="test_extend_validity_requires_auth" time="0.298" /><testcase classname="tests.test_super_admin_new_features.TestExtendValidity" name="test_extend_validity_success" time="0.303" /><testcase classname="tests.test_super_admin_new_features.TestExtendValidity" name="test_extend_validity_invalid_tenant" time="0.037" /><testcase classname="tests.test_super_admin_new_features.TestRecordPayment" name="test_record_payment_requires_auth" time="0.307" /><testcase classname="tests.test_super_admin_new_features.TestRecordPayment" name="test_record_payment_success" time="0.306"><failure message="AssertionError: Response should contain payment_id&#10;assert 'payment_id' in {'message': 'Payment recorded successfully', 'payment': {'amount': 999.0, 'created_at': '2026-01-16T14:02:25.885384+00:00', 'duration_months': 1, 'id': '459b006a-dca3-4e38-8432-9d62d5e1d764', ...}, 'tenant': {'company_name': 'TEST_RecordPayment_fd5fcfea', 'created_at': '2026-01-16T14:02:25.624023+00:00', 'id': 'a5f6b671-77e3-4eef-9f41-5b9f4409efeb', 'is_active': True, ...}}">tests/test_super_admin_new_features.py:439: in test_record_payment_success
    assert "payment_id" in data, "Response should contain payment_id"
E   AssertionError: Response should contain payment_id
E   assert 'payment_id' in {'message': 'Payment recorded successfully', 'payment': {'amount': 999.0, 'created_at': '2026-01-16T14:02:25.885384+00:00', 'duration_months': 1, 'id': '459b006a-dca3-4e38-8432-9d62d5e1d764', ...}, 'tenant': {'company_name': 'TEST_RecordPayment_fd5fcfea', 'created_at': '2026-01-16T14:02:25.624023+00:00', 'id': 'a5f6b671-77e3-4eef-9f41-5b9f4409efeb', 'is_active': True, ...}}</failure></testcase><testcase classname="tests.test_super_admin_new_features.TestRecordPayment" name="test_record_payment_different_modes" time="0.418" /><testcase classname="tests.test_super_admin_new_features.TestRecordPayment" name="test_record_payment_invalid_tenant" time="0.041" /><testcase classname="tests.test_super_admin_new_features.TestGetTenants" name="test_get_tenants_requires_auth" time="0.037" /><testcase classname="tests.test_super_admin_new_features.TestGetTenants" name="test_get_tenants_success" time="0.057" /><testcase classname="tests.test_super_admin_new_features.TestGetTenantDetails" name="test_get_tenant_details_success" time="0.302" /><testcase classname="tests.test_super_admin_new_features.TestGetTenantDetails" name="test_get_tenant_details_invalid_id" time="0.039" /><testcase classname="tests.test_super_admin_new_features.TestSuperAdminStats" name="test_stats_requires_auth" time="0.035" /><testcase classname="tests.test_super_admin_new_features.TestSuperAdminStats" name="test_stats_success" time="0.042" /></testsuite></testsuites>