<?xml version="1.0" encoding="utf-8"?><testsuites name="pytest tests"><testsuite name="pytest" errors="0" failures="0" skipped="0" tests="32" time="1.639" timestamp="2026-01-15T13:36:51.901539+00:00" hostname="agent-env-e4970d43-7185-48e5-bff3-e0f55a099d06"><testcase classname="tests.test_plan_management.TestSuperAdminSetup" name="test_setup_super_admin" time="0.066" /><testcase classname="tests.test_plan_management.TestGetPlans" name="test_get_plans_requires_auth" time="0.037" /><testcase classname="tests.test_plan_management.TestGetPlans" name="test_get_plans_returns_list" time="0.301" /><testcase classname="tests.test_plan_management.TestGetPlans" name="test_get_plans_has_default_plans" time="0.036" /><testcase classname="tests.test_plan_management.TestGetPlans" name="test_plan_has_all_required_fields" time="0.040" /><testcase classname="tests.test_plan_management.TestGetPlans" name="test_plan_features_structure" time="0.043" /><testcase classname="tests.test_plan_management.TestGetPlans" name="test_plan_limits_are_integers" time="0.037" /><testcase classname="tests.test_plan_management.TestGetPlans" name="test_get_plans_with_include_inactive" time="0.040" /><testcase classname="tests.test_plan_management.TestCreatePlan" name="test_create_plan_requires_auth" time="0.038" /><testcase classname="tests.test_plan_management.TestCreatePlan" name="test_create_plan_with_all_parameters" time="0.037" /><testcase classname="tests.test_plan_management.TestCreatePlan" name="test_create_plan_duplicate_id_fails" time="0.051" /><testcase classname="tests.test_plan_management.TestCreatePlan" name="test_create_plan_with_unlimited_values" time="0.078" /><testcase classname="tests.test_plan_management.TestUpdatePlan" name="test_update_plan_requires_auth" time="0.033" /><testcase classname="tests.test_plan_management.TestUpdatePlan" name="test_update_plan_name" time="0.038" /><testcase classname="tests.test_plan_management.TestUpdatePlan" name="test_update_plan_price" time="0.039" /><testcase classname="tests.test_plan_management.TestUpdatePlan" name="test_update_plan_limits" time="0.036" /><testcase classname="tests.test_plan_management.TestUpdatePlan" name="test_update_plan_features" time="0.039" /><testcase classname="tests.test_plan_management.TestUpdatePlan" name="test_update_plan_billing_cycle" time="0.040" /><testcase classname="tests.test_plan_management.TestUpdatePlan" name="test_update_plan_is_active" time="0.074" /><testcase classname="tests.test_plan_management.TestUpdatePlan" name="test_update_nonexistent_plan" time="0.034" /><testcase classname="tests.test_plan_management.TestDeletePlan" name="test_delete_plan_requires_auth" time="0.036" /><testcase classname="tests.test_plan_management.TestDeletePlan" name="test_cannot_delete_default_plan" time="0.035" /><testcase classname="tests.test_plan_management.TestDeletePlan" name="test_delete_custom_plan" time="0.034" /><testcase classname="tests.test_plan_management.TestDeletePlan" name="test_delete_nonexistent_plan" time="0.035" /><testcase classname="tests.test_plan_management.TestGetFeatureOptions" name="test_feature_options_requires_auth" time="0.038" /><testcase classname="tests.test_plan_management.TestGetFeatureOptions" name="test_get_feature_options" time="0.036" /><testcase classname="tests.test_plan_management.TestGetSinglePlan" name="test_get_single_plan_requires_auth" time="0.032" /><testcase classname="tests.test_plan_management.TestGetSinglePlan" name="test_get_single_plan" time="0.040" /><testcase classname="tests.test_plan_management.TestGetSinglePlan" name="test_get_nonexistent_plan" time="0.036" /><testcase classname="tests.test_plan_management.TestPlanValidation" name="test_verify_default_plan_prices" time="0.039" /><testcase classname="tests.test_plan_management.TestPlanValidation" name="test_verify_default_plan_limits" time="0.039" /><testcase classname="tests.test_plan_management.TestPlanValidation" name="test_verify_is_default_flag" time="0.036" /></testsuite></testsuites>