<?xml version="1.0" encoding="utf-8"?><testsuites name="pytest tests"><testsuite name="pytest" errors="0" failures="0" skipped="0" tests="27" time="2.170" timestamp="2026-01-20T19:53:33.181620+00:00" hostname="agent-env-cab6cf89-86ef-4c2d-8764-2c0ce782a0aa"><testcase classname="tests.test_super_admin_impersonate_suspend_broadcast.TestImpersonation" name="test_impersonate_requires_auth" time="0.632" /><testcase classname="tests.test_super_admin_impersonate_suspend_broadcast.TestImpersonation" name="test_impersonate_success" time="0.043" /><testcase classname="tests.test_super_admin_impersonate_suspend_broadcast.TestImpersonation" name="test_impersonate_invalid_tenant" time="0.038" /><testcase classname="tests.test_super_admin_impersonate_suspend_broadcast.TestImpersonation" name="test_impersonate_token_is_valid" time="0.077" /><testcase classname="tests.test_super_admin_impersonate_suspend_broadcast.TestSuspendUnsuspend" name="test_suspend_requires_auth" time="0.039" /><testcase classname="tests.test_super_admin_impersonate_suspend_broadcast.TestSuspendUnsuspend" name="test_suspend_requires_reason" time="0.079" /><testcase classname="tests.test_super_admin_impersonate_suspend_broadcast.TestSuspendUnsuspend" name="test_suspend_success" time="0.089" /><testcase classname="tests.test_super_admin_impersonate_suspend_broadcast.TestSuspendUnsuspend" name="test_unsuspend_requires_auth" time="0.035" /><testcase classname="tests.test_super_admin_impersonate_suspend_broadcast.TestSuspendUnsuspend" name="test_unsuspend_success" time="0.082" /><testcase classname="tests.test_super_admin_impersonate_suspend_broadcast.TestSuspendUnsuspend" name="test_suspend_invalid_tenant" time="0.038" /><testcase classname="tests.test_super_admin_impersonate_suspend_broadcast.TestSuspendUnsuspend" name="test_unsuspend_invalid_tenant" time="0.044" /><testcase classname="tests.test_super_admin_impersonate_suspend_broadcast.TestAnnouncements" name="test_get_announcements_requires_auth" time="0.038" /><testcase classname="tests.test_super_admin_impersonate_suspend_broadcast.TestAnnouncements" name="test_get_announcements_success" time="0.036" /><testcase classname="tests.test_super_admin_impersonate_suspend_broadcast.TestAnnouncements" name="test_create_announcement_requires_auth" time="0.038" /><testcase classname="tests.test_super_admin_impersonate_suspend_broadcast.TestAnnouncements" name="test_create_announcement_success" time="0.035" /><testcase classname="tests.test_super_admin_impersonate_suspend_broadcast.TestAnnouncements" name="test_create_announcement_with_type_warning" time="0.034" /><testcase classname="tests.test_super_admin_impersonate_suspend_broadcast.TestAnnouncements" name="test_create_announcement_with_target_trial" time="0.036" /><testcase classname="tests.test_super_admin_impersonate_suspend_broadcast.TestAnnouncements" name="test_delete_announcement_requires_auth" time="0.034" /><testcase classname="tests.test_super_admin_impersonate_suspend_broadcast.TestAnnouncements" name="test_delete_announcement_success" time="0.147" /><testcase classname="tests.test_super_admin_impersonate_suspend_broadcast.TestAnnouncements" name="test_delete_announcement_invalid_id" time="0.034" /><testcase classname="tests.test_super_admin_impersonate_suspend_broadcast.TestSupportTickets" name="test_get_tickets_requires_auth" time="0.032" /><testcase classname="tests.test_super_admin_impersonate_suspend_broadcast.TestSupportTickets" name="test_get_tickets_success" time="0.039" /><testcase classname="tests.test_super_admin_impersonate_suspend_broadcast.TestSupportTickets" name="test_get_tickets_with_status_filter" time="0.147" /><testcase classname="tests.test_super_admin_impersonate_suspend_broadcast.TestSupportTickets" name="test_reply_to_ticket_requires_auth" time="0.034" /><testcase classname="tests.test_super_admin_impersonate_suspend_broadcast.TestSupportTickets" name="test_reply_to_invalid_ticket" time="0.036" /><testcase classname="tests.test_super_admin_impersonate_suspend_broadcast.TestSupportTickets" name="test_close_ticket_requires_auth" time="0.074" /><testcase classname="tests.test_super_admin_impersonate_suspend_broadcast.TestSupportTickets" name="test_close_invalid_ticket" time="0.038" /></testsuite></testsuites>