<?xml version="1.0" encoding="utf-8"?><testsuites name="pytest tests"><testsuite name="pytest" errors="0" failures="0" skipped="2" tests="111" time="40.381" timestamp="2026-08-11T15:24:57.109335+00:00" hostname="agent-env-b116be24-b513-4b5e-b5fc-c59731e589e8"><testcase classname="tests.test_customer_autocomplete.TestAutocomplete" name="test_requires_auth" time="0.158" /><testcase classname="tests.test_customer_autocomplete.TestAutocomplete" name="test_empty_query_returns_empty" time="0.418" /><testcase classname="tests.test_customer_autocomplete.TestAutocomplete" name="test_short_query_returns_empty" time="0.066" /><testcase classname="tests.test_customer_autocomplete.TestAutocomplete" name="test_search_by_name_prefix" time="0.144" /><testcase classname="tests.test_customer_autocomplete.TestAutocomplete" name="test_search_by_mobile_prefix" time="0.068" /><testcase classname="tests.test_customer_autocomplete.TestAutocomplete" name="test_case_insensitive" time="0.132" /><testcase classname="tests.test_customer_autocomplete.TestAutocomplete" name="test_dedup_by_mobile" time="0.073" /><testcase classname="tests.test_customer_autocomplete.TestAutocomplete" name="test_no_match_returns_empty" time="0.062" /><testcase classname="tests.test_customer_autocomplete.TestAutocomplete" name="test_regex_special_chars_do_not_500" time="0.329" /><testcase classname="tests.test_customer_update.TestCustomerUpdate" name="test_requires_auth" time="0.578" /><testcase classname="tests.test_customer_update.TestCustomerUpdate" name="test_unknown_customer_404" time="0.075" /><testcase classname="tests.test_customer_update.TestCustomerUpdate" name="test_missing_required_fields_422" time="0.073" /><testcase classname="tests.test_customer_update.TestCustomerUpdate" name="test_update_name_email_propagates" time="0.221" /><testcase classname="tests.test_customer_update.TestCustomerUpdate" name="test_update_mobile_propagates" time="0.302" /><testcase classname="tests.test_customer_update.TestCustomerUpdate" name="test_email_can_be_cleared" time="0.156" /><testcase classname="tests.test_customer_update.TestCustomerUpdate" name="test_tenant_isolation_other_tenant_customer_not_updatable" time="0.171" /><testcase classname="tests.test_device_detail_declined.TestDeviceDetailEndpoint" name="test_detail_by_uuid" time="0.623" /><testcase classname="tests.test_device_detail_declined.TestDeviceDetailEndpoint" name="test_detail_404" time="0.146" /><testcase classname="tests.test_device_detail_declined.TestDeviceDetailEndpoint" name="test_detail_requires_auth" time="0.137" /><testcase classname="tests.test_device_detail_declined.TestDeviceDetailEndpoint" name="test_sell_blocked_before_signature" time="0.092" /><testcase classname="tests.test_device_detail_declined.TestDeviceDetailEndpoint" name="test_sign_then_sell_flow" time="0.353" /><testcase classname="tests.test_device_detail_declined.TestDeviceDetailEndpoint" name="test_double_sell_rejected" time="0.090" /><testcase classname="tests.test_device_detail_declined.TestDeviceDetailEndpoint" name="test_status_change_invalid_for_sold" time="0.106" /><testcase classname="tests.test_device_detail_declined.TestProfitPasswordStatus" name="test_status_endpoint" time="0.156" /><testcase classname="tests.test_device_detail_declined.TestProfitPasswordStatus" name="test_verify_wrong_password" time="0.079" /><testcase classname="tests.test_device_detail_declined.TestDeclinedIntakes" name="test_requires_auth" time="0.135" /><testcase classname="tests.test_device_detail_declined.TestDeclinedIntakes" name="test_list" time="0.087" /><testcase classname="tests.test_device_detail_declined.TestDeclinedIntakes" name="test_create_and_persist" time="0.164" /><testcase classname="tests.test_device_detail_declined.TestDeclinedIntakes" name="test_create_missing_required_422" time="0.081" /><testcase classname="tests.test_device_detail_declined.TestDeclinedIntakes" name="test_search_no_match" time="0.085" /><testcase classname="tests.test_device_detail_declined.TestModuleSettingsUI" name="test_get_modules_shape" time="0.082" /><testcase classname="tests.test_device_detail_declined.TestModuleSettingsUI" name="test_toggle_off_and_on" time="0.475" /><testcase classname="tests.test_device_detail_declined.TestModuleSettingsUI" name="test_invalid_module_key" time="0.099" /><testcase classname="tests.test_email_integration.TestHealth" name="test_health" time="0.156" /><testcase classname="tests.test_email_integration.TestForgotPassword" name="test_forgot_password_valid_user" time="0.076" /><testcase classname="tests.test_email_integration.TestForgotPassword" name="test_forgot_password_unknown_email_same_response" time="0.083" /><testcase classname="tests.test_email_integration.TestForgotPassword" name="test_forgot_password_unknown_subdomain" time="0.076" /><testcase classname="tests.test_email_integration.TestForgotPassword" name="test_forgot_password_invalid_email_format" time="0.062" /><testcase classname="tests.test_email_integration.TestForgotPassword" name="test_forgot_password_missing_subdomain" time="0.071" /><testcase classname="tests.test_email_integration.TestForgotPassword" name="test_forgot_password_attempts_email_send" time="6.079" /><testcase classname="tests.test_email_integration.TestResetPassword" name="test_reset_with_invalid_token" time="0.069" /><testcase classname="tests.test_email_integration.TestResetPassword" name="test_reset_missing_fields" time="0.073" /><testcase classname="tests.test_email_integration.TestResetPassword" name="test_full_reset_flow_and_login" time="1.422" /><testcase classname="tests.test_email_integration.TestSignupWelcomeEmail" name="test_signup_triggers_welcome_and_admin_alert" time="8.300" /><testcase classname="tests.test_email_integration.TestSignupWelcomeEmail" name="test_signup_duplicate_subdomain_rejected" time="0.075" /><testcase classname="tests.test_email_integration.TestTriggerEmailChecks" name="test_requires_auth" time="0.170" /><testcase classname="tests.test_email_integration.TestTriggerEmailChecks" name="test_rejects_tenant_token" time="0.446" /><testcase classname="tests.test_email_integration.TestTriggerEmailChecks" name="test_trigger_email_checks_success" time="0.553" /><testcase classname="tests.test_email_integration.TestScheduler" name="test_scheduler_started_log" time="0.006" /><testcase classname="tests.test_email_integration.TestEmailServiceModule" name="test_api_key_and_sender_configured" time="0.068" /><testcase classname="tests.test_email_integration.TestEmailServiceModule" name="test_templates_render" time="0.000" /><testcase classname="tests.test_email_integration.TestEmailServiceModule" name="test_send_email_returns_structured_result" time="0.128" /><testcase classname="tests.test_inventory_parts.TestInventoryPartsSystem" name="test_01_login_success" time="0.359" /><testcase classname="tests.test_inventory_parts.TestInventoryPartsSystem" name="test_02_get_inventory_items" time="0.427" /><testcase classname="tests.test_inventory_parts.TestInventoryPartsSystem" name="test_03_inventory_item_structure" time="0.432" /><testcase classname="tests.test_inventory_parts.TestInventoryPartsSystem" name="test_04_get_jobs" time="0.491" /><testcase classname="tests.test_inventory_parts.TestInventoryPartsSystem" name="test_05_get_job_detail" time="0.499" /><testcase classname="tests.test_inventory_parts.TestInventoryPartsSystem" name="test_06_repair_endpoint_exists" time="0.447" /><testcase classname="tests.test_inventory_parts.TestInventoryPartsSystem" name="test_07_repair_with_parts_used" time="0.519"><skipped type="pytest.skip" message="No job in suitable status for repair test">/app/backend/tests/test_inventory_parts.py:208: No job in suitable status for repair test</skipped></testcase><testcase classname="tests.test_inventory_parts.TestInventoryPartsSystem" name="test_08_usage_history_endpoint" time="0.479" /><testcase classname="tests.test_inventory_parts.TestInventoryPartsSystem" name="test_09_usage_history_structure" time="0.583" /><testcase classname="tests.test_inventory_parts.TestInventoryPartsSystem" name="test_10_usage_history_invalid_item" time="0.478" /><testcase classname="tests.test_inventory_parts.TestInventoryPartsSystem" name="test_11_job_repair_parts_in_response" time="0.556" /><testcase classname="tests.test_inventory_parts.TestInventoryPartsSystem" name="test_12_inventory_stats" time="0.439" /><testcase classname="tests.test_inventory_parts.TestInventoryPartsSystem" name="test_13_repair_insufficient_stock" time="0.496"><skipped type="pytest.skip" message="No suitable job for test">/app/backend/tests/test_inventory_parts.py:420: No suitable job for test</skipped></testcase><testcase classname="tests.test_inventory_parts.TestInventoryCategories" name="test_get_categories" time="0.406" /><testcase classname="tests.test_roles.TestRoleManagement" name="test_get_roles_returns_default_roles" time="0.486" /><testcase classname="tests.test_roles.TestRoleManagement" name="test_system_roles_have_correct_structure" time="0.117" /><testcase classname="tests.test_roles.TestRoleManagement" name="test_admin_role_has_full_access" time="0.136" /><testcase classname="tests.test_roles.TestRoleManagement" name="test_get_roles_unauthorized" time="0.120" /><testcase classname="tests.test_roles.TestRoleManagement" name="test_create_custom_role" time="0.229" /><testcase classname="tests.test_roles.TestRoleManagement" name="test_create_role_duplicate_name_fails" time="0.145" /><testcase classname="tests.test_roles.TestRoleManagement" name="test_create_role_requires_admin" time="0.128" /><testcase classname="tests.test_roles.TestRoleManagement" name="test_update_custom_role" time="0.395" /><testcase classname="tests.test_roles.TestRoleManagement" name="test_update_system_role_permissions" time="0.243" /><testcase classname="tests.test_roles.TestRoleManagement" name="test_cannot_rename_admin_role" time="0.291" /><testcase classname="tests.test_roles.TestRoleManagement" name="test_update_nonexistent_role" time="0.126" /><testcase classname="tests.test_roles.TestRoleManagement" name="test_delete_custom_role" time="0.477" /><testcase classname="tests.test_roles.TestRoleManagement" name="test_cannot_delete_system_roles" time="0.581" /><testcase classname="tests.test_roles.TestRoleManagement" name="test_delete_nonexistent_role" time="0.147" /><testcase classname="tests.test_roles.TestRoleManagement" name="test_get_single_role" time="0.152" /><testcase classname="tests.test_roles.TestRoleManagement" name="test_get_nonexistent_role" time="0.225" /><testcase classname="tests.test_roles.TestUserRoleAssignment" name="test_create_user_with_role_id" time="0.989" /><testcase classname="tests.test_roles.TestUserRoleAssignment" name="test_create_user_with_multiple_branches" time="0.613" /><testcase classname="tests.test_roles.TestUserRoleAssignment" name="test_update_user_role_and_branches" time="0.940" /><testcase classname="tests.test_used_devices_modules.TestHealth" name="test_health" time="0.455" /><testcase classname="tests.test_used_devices_modules.TestHealth" name="test_used_devices_requires_auth" time="0.130" /><testcase classname="tests.test_used_devices_modules.TestModuleSettings" name="test_get_modules" time="0.058" /><testcase classname="tests.test_used_devices_modules.TestModuleSettings" name="test_update_modules_invalid_key" time="0.052" /><testcase classname="tests.test_used_devices_modules.TestModuleSettings" name="test_update_modules_roundtrip" time="0.110" /><testcase classname="tests.test_used_devices_modules.TestListAndStats" name="test_list[mobile]" time="0.059" /><testcase classname="tests.test_used_devices_modules.TestListAndStats" name="test_list[it]" time="0.051" /><testcase classname="tests.test_used_devices_modules.TestListAndStats" name="test_list_invalid_module" time="0.055" /><testcase classname="tests.test_used_devices_modules.TestListAndStats" name="test_stats[mobile]" time="0.056" /><testcase classname="tests.test_used_devices_modules.TestListAndStats" name="test_stats[it]" time="0.062" /><testcase classname="tests.test_used_devices_modules.TestListAndStats" name="test_stats_invalid_module" time="0.053" /><testcase classname="tests.test_used_devices_modules.TestCreateMobile" name="test_create_mobile_and_verify" time="0.350" /><testcase classname="tests.test_used_devices_modules.TestCreateMobile" name="test_duplicate_imei_rejected" time="0.103" /><testcase classname="tests.test_used_devices_modules.TestCreateMobile" name="test_invalid_imei_rejected" time="0.049" /><testcase classname="tests.test_used_devices_modules.TestCreateMobile" name="test_missing_imei_rejected" time="0.051" /><testcase classname="tests.test_used_devices_modules.TestCreateMobile" name="test_wrong_category_for_mobile" time="0.065" /><testcase classname="tests.test_used_devices_modules.TestCreateIT" name="test_create_it_and_verify" time="0.118" /><testcase classname="tests.test_used_devices_modules.TestCreateIT" name="test_duplicate_serial_rejected" time="0.100" /><testcase classname="tests.test_used_devices_modules.TestCreateIT" name="test_wrong_category_for_it" time="0.061" /><testcase classname="tests.test_used_devices_modules.TestCreateIT" name="test_invalid_module_rejected" time="0.051" /><testcase classname="tests.test_used_devices_modules.TestCreateIT" name="test_missing_required_field_422" time="0.058" /><testcase classname="tests.test_used_devices_modules.TestLifecycle" name="test_update_persists" time="0.165" /><testcase classname="tests.test_used_devices_modules.TestLifecycle" name="test_generate_and_sign_declaration" time="0.173" /><testcase classname="tests.test_used_devices_modules.TestLifecycle" name="test_sell_and_margin_hidden" time="0.099" /><testcase classname="tests.test_used_devices_modules.TestLifecycle" name="test_verify_profit_requires_password" time="0.056" /><testcase classname="tests.test_used_devices_modules.TestLifecycle" name="test_detail_not_found" time="0.539" /></testsuite></testsuites>