<?xml version="1.0" encoding="utf-8"?><testsuites name="pytest tests"><testsuite name="pytest" errors="0" failures="0" skipped="0" tests="31" time="4.592" timestamp="2026-01-15T13:10:18.191786+00:00" hostname="agent-env-e4970d43-7185-48e5-bff3-e0f55a099d06"><testcase classname="tests.test_super_admin_subscription.TestSuperAdminSetup" name="test_setup_super_admin" time="0.071" /><testcase classname="tests.test_super_admin_subscription.TestSuperAdminLogin" name="test_login_success" time="0.264" /><testcase classname="tests.test_super_admin_subscription.TestSuperAdminLogin" name="test_login_invalid_credentials" time="0.304" /><testcase classname="tests.test_super_admin_subscription.TestSuperAdminLogin" name="test_login_invalid_email" time="0.045" /><testcase classname="tests.test_super_admin_subscription.TestSubscriptionPlans" name="test_get_plans_requires_auth" time="0.077" /><testcase classname="tests.test_super_admin_subscription.TestSubscriptionPlans" name="test_get_plans_success" time="0.304" /><testcase classname="tests.test_super_admin_subscription.TestAssignPlan" name="test_assign_plan_requires_auth" time="0.336" /><testcase classname="tests.test_super_admin_subscription.TestAssignPlan" name="test_assign_basic_plan" time="0.043" /><testcase classname="tests.test_super_admin_subscription.TestAssignPlan" name="test_assign_pro_plan" time="0.037" /><testcase classname="tests.test_super_admin_subscription.TestAssignPlan" name="test_assign_free_plan" time="0.039" /><testcase classname="tests.test_super_admin_subscription.TestAssignPlan" name="test_assign_invalid_plan" time="0.036" /><testcase classname="tests.test_super_admin_subscription.TestAssignPlan" name="test_assign_plan_nonexistent_tenant" time="0.038" /><testcase classname="tests.test_super_admin_subscription.TestExtendValidity" name="test_extend_validity_requires_auth" time="0.344" /><testcase classname="tests.test_super_admin_subscription.TestExtendValidity" name="test_extend_validity_30_days" time="0.036" /><testcase classname="tests.test_super_admin_subscription.TestExtendValidity" name="test_extend_validity_7_days" time="0.033" /><testcase classname="tests.test_super_admin_subscription.TestExtendValidity" name="test_extend_validity_nonexistent_tenant" time="0.035" /><testcase classname="tests.test_super_admin_subscription.TestRecordPayment" name="test_record_payment_requires_auth" time="0.348" /><testcase classname="tests.test_super_admin_subscription.TestRecordPayment" name="test_record_cash_payment" time="0.083" /><testcase classname="tests.test_super_admin_subscription.TestRecordPayment" name="test_record_upi_payment_with_plan" time="0.035" /><testcase classname="tests.test_super_admin_subscription.TestRecordPayment" name="test_record_bank_transfer_payment" time="0.035" /><testcase classname="tests.test_super_admin_subscription.TestRecordPayment" name="test_record_payment_nonexistent_tenant" time="0.037" /><testcase classname="tests.test_super_admin_subscription.TestViewPayments" name="test_get_tenant_payments_requires_auth" time="0.344" /><testcase classname="tests.test_super_admin_subscription.TestViewPayments" name="test_get_tenant_payments" time="0.035" /><testcase classname="tests.test_super_admin_subscription.TestViewPayments" name="test_get_tenant_payments_nonexistent" time="0.035" /><testcase classname="tests.test_super_admin_subscription.TestActionLogs" name="test_get_action_logs_requires_auth" time="0.338" /><testcase classname="tests.test_super_admin_subscription.TestActionLogs" name="test_get_action_logs" time="0.036" /><testcase classname="tests.test_super_admin_subscription.TestActionLogs" name="test_get_action_logs_nonexistent" time="0.076" /><testcase classname="tests.test_super_admin_subscription.TestTenantDetails" name="test_get_tenant_details" time="0.348" /><testcase classname="tests.test_super_admin_subscription.TestTenantsList" name="test_get_tenants_list" time="0.307" /><testcase classname="tests.test_super_admin_subscription.TestSuperAdminMe" name="test_get_me_requires_auth" time="0.034" /><testcase classname="tests.test_super_admin_subscription.TestSuperAdminMe" name="test_get_me_success" time="0.290" /></testsuite></testsuites>