<?xml version="1.0" encoding="utf-8"?><testsuites name="pytest tests"><testsuite name="pytest" errors="0" failures="0" skipped="0" tests="28" time="2.706" timestamp="2026-01-15T11:55:59.580322+00:00" hostname="agent-env-0e120f87-73af-47f3-9181-3971e2b9faf5"><testcase classname="tests.test_inventory_metrics_datefilter.TestAuthentication" name="test_login_success" time="0.444" /><testcase classname="tests.test_inventory_metrics_datefilter.TestInventoryStats" name="test_get_inventory_stats" time="0.341" /><testcase classname="tests.test_inventory_metrics_datefilter.TestInventoryStats" name="test_inventory_stats_requires_auth" time="0.033" /><testcase classname="tests.test_inventory_metrics_datefilter.TestInventoryCategories" name="test_get_inventory_categories" time="0.034" /><testcase classname="tests.test_inventory_metrics_datefilter.TestInventoryCategories" name="test_inventory_categories_requires_auth" time="0.033" /><testcase classname="tests.test_inventory_metrics_datefilter.TestInventoryCRUD" name="test_create_inventory_item" time="0.060" /><testcase classname="tests.test_inventory_metrics_datefilter.TestInventoryCRUD" name="test_create_inventory_item_auto_sku" time="0.041" /><testcase classname="tests.test_inventory_metrics_datefilter.TestInventoryCRUD" name="test_list_inventory" time="0.076" /><testcase classname="tests.test_inventory_metrics_datefilter.TestInventoryCRUD" name="test_list_inventory_filter_by_category" time="0.035" /><testcase classname="tests.test_inventory_metrics_datefilter.TestInventoryCRUD" name="test_list_inventory_filter_low_stock" time="0.035" /><testcase classname="tests.test_inventory_metrics_datefilter.TestInventoryCRUD" name="test_list_inventory_search" time="0.037" /><testcase classname="tests.test_inventory_metrics_datefilter.TestInventoryCRUD" name="test_get_inventory_item" time="0.078" /><testcase classname="tests.test_inventory_metrics_datefilter.TestInventoryCRUD" name="test_update_inventory_item" time="0.079" /><testcase classname="tests.test_inventory_metrics_datefilter.TestInventoryCRUD" name="test_delete_inventory_item" time="0.145" /><testcase classname="tests.test_inventory_metrics_datefilter.TestInventoryCRUD" name="test_inventory_crud_requires_admin" time="0.032" /><testcase classname="tests.test_inventory_metrics_datefilter.TestStockAdjustment" name="test_adjust_stock_add" time="0.076" /><testcase classname="tests.test_inventory_metrics_datefilter.TestStockAdjustment" name="test_adjust_stock_remove" time="0.066" /><testcase classname="tests.test_inventory_metrics_datefilter.TestStockAdjustment" name="test_adjust_stock_cannot_go_negative" time="0.112" /><testcase classname="tests.test_inventory_metrics_datefilter.TestStockAdjustment" name="test_adjust_stock_with_job_id" time="0.079" /><testcase classname="tests.test_inventory_metrics_datefilter.TestJobsDateRangeFilter" name="test_jobs_list_with_date_from" time="0.037" /><testcase classname="tests.test_inventory_metrics_datefilter.TestJobsDateRangeFilter" name="test_jobs_list_with_date_to" time="0.035" /><testcase classname="tests.test_inventory_metrics_datefilter.TestJobsDateRangeFilter" name="test_jobs_list_with_date_range" time="0.037" /><testcase classname="tests.test_inventory_metrics_datefilter.TestJobsDateRangeFilter" name="test_jobs_list_with_date_and_status_filter" time="0.034" /><testcase classname="tests.test_inventory_metrics_datefilter.TestTechnicianMetrics" name="test_get_technician_metrics" time="0.039" /><testcase classname="tests.test_inventory_metrics_datefilter.TestTechnicianMetrics" name="test_technician_metrics_requires_auth" time="0.071" /><testcase classname="tests.test_inventory_metrics_datefilter.TestMetricsOverview" name="test_get_metrics_overview" time="0.047" /><testcase classname="tests.test_inventory_metrics_datefilter.TestMetricsOverview" name="test_metrics_overview_requires_auth" time="0.033" /><testcase classname="tests.test_inventory_metrics_datefilter.TestCleanup" name="test_cleanup_test_inventory_items" time="0.371" /></testsuite></testsuites>