<?xml version="1.0" encoding="utf-8"?><testsuites name="pytest tests"><testsuite name="pytest" errors="0" failures="1" skipped="0" tests="32" time="1.813" timestamp="2026-01-15T13:34:27.026536+00:00" hostname="agent-env-e4970d43-7185-48e5-bff3-e0f55a099d06"><testcase classname="tests.test_plan_management.TestSuperAdminSetup" name="test_setup_super_admin" time="0.075" /><testcase classname="tests.test_plan_management.TestGetPlans" name="test_get_plans_requires_auth" time="0.038" /><testcase classname="tests.test_plan_management.TestGetPlans" name="test_get_plans_returns_list" time="0.302" /><testcase classname="tests.test_plan_management.TestGetPlans" name="test_get_plans_has_default_plans" time="0.043" /><testcase classname="tests.test_plan_management.TestGetPlans" name="test_plan_has_all_required_fields" time="0.042" /><testcase classname="tests.test_plan_management.TestGetPlans" name="test_plan_features_structure" time="0.043" /><testcase classname="tests.test_plan_management.TestGetPlans" name="test_plan_limits_are_integers" time="0.038" /><testcase classname="tests.test_plan_management.TestGetPlans" name="test_get_plans_with_include_inactive" time="0.039" /><testcase classname="tests.test_plan_management.TestCreatePlan" name="test_create_plan_requires_auth" time="0.044" /><testcase classname="tests.test_plan_management.TestCreatePlan" name="test_create_plan_with_all_parameters" time="0.038" /><testcase classname="tests.test_plan_management.TestCreatePlan" name="test_create_plan_duplicate_id_fails" time="0.036"><failure message="AssertionError: Expected 400, got 422&#10;assert 422 == 400&#10; +  where 422 = &lt;Response [422]&gt;.status_code">tests/test_plan_management.py:229: in test_create_plan_duplicate_id_fails
    assert response.status_code == 400, f"Expected 400, got {response.status_code}"
E   AssertionError: Expected 400, got 422
E   assert 422 == 400
E    +  where 422 = &lt;Response [422]&gt;.status_code</failure></testcase><testcase classname="tests.test_plan_management.TestCreatePlan" name="test_create_plan_with_unlimited_values" time="0.114" /><testcase classname="tests.test_plan_management.TestUpdatePlan" name="test_update_plan_requires_auth" time="0.036" /><testcase classname="tests.test_plan_management.TestUpdatePlan" name="test_update_plan_name" time="0.036" /><testcase classname="tests.test_plan_management.TestUpdatePlan" name="test_update_plan_price" time="0.037" /><testcase classname="tests.test_plan_management.TestUpdatePlan" name="test_update_plan_limits" time="0.040" /><testcase classname="tests.test_plan_management.TestUpdatePlan" name="test_update_plan_features" time="0.038" /><testcase classname="tests.test_plan_management.TestUpdatePlan" name="test_update_plan_billing_cycle" time="0.035" /><testcase classname="tests.test_plan_management.TestUpdatePlan" name="test_update_plan_is_active" time="0.078" /><testcase classname="tests.test_plan_management.TestUpdatePlan" name="test_update_nonexistent_plan" time="0.034" /><testcase classname="tests.test_plan_management.TestDeletePlan" name="test_delete_plan_requires_auth" time="0.033" /><testcase classname="tests.test_plan_management.TestDeletePlan" name="test_cannot_delete_default_plan" time="0.037" /><testcase classname="tests.test_plan_management.TestDeletePlan" name="test_delete_custom_plan" time="0.042" /><testcase classname="tests.test_plan_management.TestDeletePlan" name="test_delete_nonexistent_plan" time="0.033" /><testcase classname="tests.test_plan_management.TestGetFeatureOptions" name="test_feature_options_requires_auth" time="0.037" /><testcase classname="tests.test_plan_management.TestGetFeatureOptions" name="test_get_feature_options" time="0.034" /><testcase classname="tests.test_plan_management.TestGetSinglePlan" name="test_get_single_plan_requires_auth" time="0.032" /><testcase classname="tests.test_plan_management.TestGetSinglePlan" name="test_get_single_plan" time="0.039" /><testcase classname="tests.test_plan_management.TestGetSinglePlan" name="test_get_nonexistent_plan" time="0.040" /><testcase classname="tests.test_plan_management.TestPlanValidation" name="test_verify_default_plan_prices" time="0.037" /><testcase classname="tests.test_plan_management.TestPlanValidation" name="test_verify_default_plan_limits" time="0.042" /><testcase classname="tests.test_plan_management.TestPlanValidation" name="test_verify_is_default_flag" time="0.038" /></testsuite></testsuites>