<?xml version="1.0" encoding="utf-8"?><testsuites name="pytest tests"><testsuite name="pytest" errors="0" failures="0" skipped="0" tests="17" time="1.508" timestamp="2026-01-21T08:40:52.103248+00:00" hostname="agent-env-79047a67-3eb5-423a-a318-8b9f8a45ecb5"><testcase classname="tests.test_optional_fields_pattern_ledger.TestAuthentication" name="test_login_success" time="0.559" /><testcase classname="tests.test_optional_fields_pattern_ledger.TestOptionalFields" name="test_create_job_without_serial_imei" time="0.034" /><testcase classname="tests.test_optional_fields_pattern_ledger.TestOptionalFields" name="test_create_job_without_condition" time="0.039" /><testcase classname="tests.test_optional_fields_pattern_ledger.TestOptionalFields" name="test_create_job_without_both_optional_fields" time="0.040" /><testcase classname="tests.test_optional_fields_pattern_ledger.TestUnlockPattern" name="test_create_job_with_unlock_pattern" time="0.039" /><testcase classname="tests.test_optional_fields_pattern_ledger.TestUnlockPattern" name="test_create_job_with_complex_pattern" time="0.034" /><testcase classname="tests.test_optional_fields_pattern_ledger.TestUnlockPattern" name="test_create_job_with_text_pattern" time="0.040" /><testcase classname="tests.test_optional_fields_pattern_ledger.TestUnlockPattern" name="test_job_detail_shows_unlock_pattern" time="0.070" /><testcase classname="tests.test_optional_fields_pattern_ledger.TestCustomerLedger" name="test_get_customers_list_with_outstanding" time="0.042" /><testcase classname="tests.test_optional_fields_pattern_ledger.TestCustomerLedger" name="test_customer_stats_with_outstanding_count" time="0.036" /><testcase classname="tests.test_optional_fields_pattern_ledger.TestCustomerLedger" name="test_get_customer_ledger" time="0.039" /><testcase classname="tests.test_optional_fields_pattern_ledger.TestCustomerLedger" name="test_ledger_transactions_structure" time="0.031" /><testcase classname="tests.test_optional_fields_pattern_ledger.TestCustomerLedger" name="test_record_customer_payment" time="0.073" /><testcase classname="tests.test_optional_fields_pattern_ledger.TestCustomerLedger" name="test_record_payment_with_upi" time="0.067" /><testcase classname="tests.test_optional_fields_pattern_ledger.TestDeliveryCreditMode" name="test_create_job_and_deliver_with_credit" time="0.174" /><testcase classname="tests.test_optional_fields_pattern_ledger.TestExistingJobWithPattern" name="test_find_job_with_pattern" time="0.034" /><testcase classname="tests.test_optional_fields_pattern_ledger.TestCustomersWithOutstanding" name="test_get_customers_with_outstanding" time="0.033" /></testsuite></testsuites>