<?xml version="1.0" encoding="utf-8"?><testsuites name="pytest tests"><testsuite name="pytest" errors="0" failures="0" skipped="0" tests="20" time="2.072" timestamp="2026-01-15T12:24:21.379710+00:00" hostname="agent-env-0e120f87-73af-47f3-9181-3971e2b9faf5"><testcase classname="tests.test_universal_search_and_device_fields.TestUniversalSearchAPI" name="test_search_requires_authentication" time="0.071" /><testcase classname="tests.test_universal_search_and_device_fields.TestUniversalSearchAPI" name="test_search_with_short_query_returns_empty" time="0.305" /><testcase classname="tests.test_universal_search_and_device_fields.TestUniversalSearchAPI" name="test_search_returns_correct_structure" time="0.076" /><testcase classname="tests.test_universal_search_and_device_fields.TestUniversalSearchAPI" name="test_search_by_job_number" time="0.036" /><testcase classname="tests.test_universal_search_and_device_fields.TestUniversalSearchAPI" name="test_search_by_customer_name" time="0.099" /><testcase classname="tests.test_universal_search_and_device_fields.TestUniversalSearchAPI" name="test_search_by_device_brand" time="0.037" /><testcase classname="tests.test_universal_search_and_device_fields.TestUniversalSearchAPI" name="test_search_limit_parameter" time="0.037" /><testcase classname="tests.test_universal_search_and_device_fields.TestUniversalSearchAPI" name="test_search_result_types" time="0.037" /><testcase classname="tests.test_universal_search_and_device_fields.TestUniversalSearchAPI" name="test_search_job_result_fields" time="0.104" /><testcase classname="tests.test_universal_search_and_device_fields.TestUniversalSearchAPI" name="test_search_customer_result_fields" time="0.034" /><testcase classname="tests.test_universal_search_and_device_fields.TestUniversalSearchAPI" name="test_search_inventory_result_fields" time="0.075" /><testcase classname="tests.test_universal_search_and_device_fields.TestDeviceNotesAndPassword" name="test_create_job_with_device_password" time="0.296" /><testcase classname="tests.test_universal_search_and_device_fields.TestDeviceNotesAndPassword" name="test_create_job_with_device_notes" time="0.037" /><testcase classname="tests.test_universal_search_and_device_fields.TestDeviceNotesAndPassword" name="test_create_job_with_both_password_and_notes" time="0.039" /><testcase classname="tests.test_universal_search_and_device_fields.TestDeviceNotesAndPassword" name="test_create_job_without_optional_fields" time="0.036" /><testcase classname="tests.test_universal_search_and_device_fields.TestDeviceNotesAndPassword" name="test_get_job_returns_password_and_notes" time="0.110" /><testcase classname="tests.test_universal_search_and_device_fields.TestDeviceNotesAndPassword" name="test_search_finds_job_by_device_notes" time="0.067" /><testcase classname="tests.test_universal_search_and_device_fields.TestSearchIntegration" name="test_search_groups_results_by_type" time="0.297" /><testcase classname="tests.test_universal_search_and_device_fields.TestSearchIntegration" name="test_search_by_serial_number" time="0.066" /><testcase classname="tests.test_universal_search_and_device_fields.TestSearchIntegration" name="test_search_by_problem_description" time="0.075" /></testsuite></testsuites>