<?xml version="1.0" encoding="utf-8"?><testsuites name="pytest tests"><testsuite name="pytest" errors="0" failures="0" skipped="2" tests="14" time="4.325" timestamp="2026-01-25T11:19:25.574029+00:00" hostname="agent-env-c98ca520-902a-451c-88a6-3500a0525e14"><testcase classname="backend.tests.test_inventory_parts.TestInventoryPartsSystem" name="test_01_login_success" time="0.314" /><testcase classname="backend.tests.test_inventory_parts.TestInventoryPartsSystem" name="test_02_get_inventory_items" time="0.275" /><testcase classname="backend.tests.test_inventory_parts.TestInventoryPartsSystem" name="test_03_inventory_item_structure" time="0.312" /><testcase classname="backend.tests.test_inventory_parts.TestInventoryPartsSystem" name="test_04_get_jobs" time="0.288" /><testcase classname="backend.tests.test_inventory_parts.TestInventoryPartsSystem" name="test_05_get_job_detail" time="0.299" /><testcase classname="backend.tests.test_inventory_parts.TestInventoryPartsSystem" name="test_06_repair_endpoint_exists" time="0.285" /><testcase classname="backend.tests.test_inventory_parts.TestInventoryPartsSystem" name="test_07_repair_with_parts_used" time="0.291"><skipped type="pytest.skip" message="No job in suitable status for repair test">/app/backend/tests/test_inventory_parts.py:207: No job in suitable status for repair test</skipped></testcase><testcase classname="backend.tests.test_inventory_parts.TestInventoryPartsSystem" name="test_08_usage_history_endpoint" time="0.327" /><testcase classname="backend.tests.test_inventory_parts.TestInventoryPartsSystem" name="test_09_usage_history_structure" time="0.324" /><testcase classname="backend.tests.test_inventory_parts.TestInventoryPartsSystem" name="test_10_usage_history_invalid_item" time="0.308" /><testcase classname="backend.tests.test_inventory_parts.TestInventoryPartsSystem" name="test_11_job_repair_parts_in_response" time="0.314" /><testcase classname="backend.tests.test_inventory_parts.TestInventoryPartsSystem" name="test_12_inventory_stats" time="0.274" /><testcase classname="backend.tests.test_inventory_parts.TestInventoryPartsSystem" name="test_13_repair_insufficient_stock" time="0.271"><skipped type="pytest.skip" message="No suitable job for test">/app/backend/tests/test_inventory_parts.py:419: No suitable job for test</skipped></testcase><testcase classname="backend.tests.test_inventory_parts.TestInventoryCategories" name="test_get_categories" time="0.301" /></testsuite></testsuites>