<?xml version="1.0" encoding="utf-8"?><testsuites name="pytest tests"><testsuite name="pytest" errors="0" failures="0" skipped="1" tests="17" time="5.472" timestamp="2026-01-21T09:25:59.379051+00:00" hostname="agent-env-79047a67-3eb5-423a-a318-8b9f8a45ecb5"><testcase classname="tests.test_profit_tracking.TestProfitTracking" name="test_01_profit_password_status" time="0.296" /><testcase classname="tests.test_profit_tracking.TestProfitTracking" name="test_02_set_profit_password" time="0.495" /><testcase classname="tests.test_profit_tracking.TestProfitTracking" name="test_03_verify_profit_password_correct" time="0.493" /><testcase classname="tests.test_profit_tracking.TestProfitTracking" name="test_04_verify_profit_password_incorrect" time="0.499" /><testcase classname="tests.test_profit_tracking.TestProfitTracking" name="test_05_profit_summary_day" time="0.264" /><testcase classname="tests.test_profit_tracking.TestProfitTracking" name="test_06_profit_summary_week" time="0.306" /><testcase classname="tests.test_profit_tracking.TestProfitTracking" name="test_07_profit_summary_month" time="0.268" /><testcase classname="tests.test_profit_tracking.TestProfitTracking" name="test_08_profit_summary_year" time="0.269" /><testcase classname="tests.test_profit_tracking.TestProfitTracking" name="test_09_job_wise_profit" time="0.272" /><testcase classname="tests.test_profit_tracking.TestProfitTracking" name="test_10_job_wise_profit_with_date_filter" time="0.260" /><testcase classname="tests.test_profit_tracking.TestProfitTracking" name="test_11_party_wise_profit" time="0.310" /><testcase classname="tests.test_profit_tracking.TestProfitTracking" name="test_12_pending_expenses" time="0.268" /><testcase classname="tests.test_profit_tracking.TestProfitTracking" name="test_13_bulk_expense_update" time="0.270" /><testcase classname="tests.test_profit_tracking.TestProfitTracking" name="test_14_non_admin_profit_access_denied" time="0.266"><skipped type="pytest.skip" message="Could not create test user">/app/tests/test_profit_tracking.py:267: Could not create test user</skipped></testcase><testcase classname="tests.test_profit_tracking.TestProfitTracking" name="test_15_delivery_with_expense_fields" time="0.317" /><testcase classname="tests.test_profit_tracking.TestProfitTracking" name="test_16_profit_calculation_formula" time="0.263" /><testcase classname="tests.test_profit_tracking.TestProfitTracking" name="test_17_profit_margin_calculation" time="0.287" /></testsuite></testsuites>