<?xml version="1.0" encoding="utf-8"?><testsuites name="pytest tests"><testsuite name="pytest" errors="0" failures="0" skipped="0" tests="22" time="6.675" timestamp="2026-01-15T12:12:29.666493+00:00" hostname="agent-env-0e120f87-73af-47f3-9181-3971e2b9faf5"><testcase classname="tests.test_customers_feature.TestCustomersFeature" name="test_get_customers_returns_200" time="0.316" /><testcase classname="tests.test_customers_feature.TestCustomersFeature" name="test_get_customers_returns_correct_fields" time="0.274" /><testcase classname="tests.test_customers_feature.TestCustomersFeature" name="test_get_customers_search_by_name" time="0.266" /><testcase classname="tests.test_customers_feature.TestCustomersFeature" name="test_get_customers_search_by_mobile" time="0.343" /><testcase classname="tests.test_customers_feature.TestCustomersFeature" name="test_get_customer_stats_returns_200" time="0.266" /><testcase classname="tests.test_customers_feature.TestCustomersFeature" name="test_get_customer_stats_returns_correct_fields" time="0.304" /><testcase classname="tests.test_customers_feature.TestCustomersFeature" name="test_get_customer_stats_values_are_numeric" time="0.308" /><testcase classname="tests.test_customers_feature.TestCustomersFeature" name="test_get_customer_stats_repeat_rate_is_percentage" time="0.272" /><testcase classname="tests.test_customers_feature.TestCustomersFeature" name="test_get_customer_devices_returns_200" time="0.270" /><testcase classname="tests.test_customers_feature.TestCustomersFeature" name="test_get_customer_devices_returns_correct_structure" time="0.267" /><testcase classname="tests.test_customers_feature.TestCustomersFeature" name="test_get_customer_devices_device_fields" time="0.267" /><testcase classname="tests.test_customers_feature.TestCustomersFeature" name="test_get_customer_devices_nonexistent_customer" time="0.268" /><testcase classname="tests.test_customers_feature.TestCustomersFeature" name="test_get_device_history_returns_200" time="0.319" /><testcase classname="tests.test_customers_feature.TestCustomersFeature" name="test_get_device_history_returns_correct_structure" time="0.320" /><testcase classname="tests.test_customers_feature.TestCustomersFeature" name="test_get_device_history_job_fields" time="0.337" /><testcase classname="tests.test_customers_feature.TestCustomersFeature" name="test_customers_requires_auth" time="0.294" /><testcase classname="tests.test_customers_feature.TestCustomersFeature" name="test_customer_stats_requires_auth" time="0.289" /><testcase classname="tests.test_customers_feature.TestCustomersFeature" name="test_customer_devices_requires_auth" time="0.313" /><testcase classname="tests.test_customers_feature.TestCustomersFeature" name="test_device_history_requires_auth" time="0.294" /><testcase classname="tests.test_customers_feature.TestCustomersDataIntegrity" name="test_customer_device_count_matches_devices_list" time="0.272" /><testcase classname="tests.test_customers_feature.TestCustomersDataIntegrity" name="test_device_total_repairs_matches_history" time="0.355" /><testcase classname="tests.test_customers_feature.TestCustomersDataIntegrity" name="test_stats_total_customers_matches_list" time="0.321" /></testsuite></testsuites>