<?xml version="1.0" encoding="utf-8"?><testsuites name="pytest tests"><testsuite name="pytest" errors="0" failures="0" skipped="0" tests="27" time="5.169" timestamp="2026-01-16T14:02:55.379157+00:00" hostname="agent-env-1613fd83-96ca-450f-82d0-5f431bbd8a71"><testcase classname="tests.test_super_admin_new_features.TestSuperAdminLogin" name="test_login_success" time="0.289" /><testcase classname="tests.test_super_admin_new_features.TestSuperAdminLogin" name="test_login_invalid_credentials" time="0.043" /><testcase classname="tests.test_super_admin_new_features.TestSuperAdminLogin" name="test_login_missing_fields" time="0.038" /><testcase classname="tests.test_super_admin_new_features.TestCreateShop" name="test_create_shop_requires_auth" time="0.035" /><testcase classname="tests.test_super_admin_new_features.TestCreateShop" name="test_create_shop_success" time="0.561" /><testcase classname="tests.test_super_admin_new_features.TestCreateShop" name="test_create_shop_duplicate_subdomain" time="0.298" /><testcase classname="tests.test_super_admin_new_features.TestCreateShop" name="test_create_shop_duplicate_email" time="0.298" /><testcase classname="tests.test_super_admin_new_features.TestCreateShop" name="test_create_shop_with_plan" time="0.261" /><testcase classname="tests.test_super_admin_new_features.TestAnalyticsAPI" name="test_analytics_requires_auth" time="0.033" /><testcase classname="tests.test_super_admin_new_features.TestAnalyticsAPI" name="test_analytics_success" time="0.048" /><testcase classname="tests.test_super_admin_new_features.TestAnalyticsAPI" name="test_analytics_data_types" time="0.045" /><testcase classname="tests.test_super_admin_new_features.TestAssignPlan" name="test_assign_plan_requires_auth" time="0.301" /><testcase classname="tests.test_super_admin_new_features.TestAssignPlan" name="test_assign_plan_success" time="0.301" /><testcase classname="tests.test_super_admin_new_features.TestAssignPlan" name="test_assign_plan_invalid_tenant" time="0.037" /><testcase classname="tests.test_super_admin_new_features.TestExtendValidity" name="test_extend_validity_requires_auth" time="0.294" /><testcase classname="tests.test_super_admin_new_features.TestExtendValidity" name="test_extend_validity_success" time="0.299" /><testcase classname="tests.test_super_admin_new_features.TestExtendValidity" name="test_extend_validity_invalid_tenant" time="0.050" /><testcase classname="tests.test_super_admin_new_features.TestRecordPayment" name="test_record_payment_requires_auth" time="0.301" /><testcase classname="tests.test_super_admin_new_features.TestRecordPayment" name="test_record_payment_success" time="0.308" /><testcase classname="tests.test_super_admin_new_features.TestRecordPayment" name="test_record_payment_different_modes" time="0.572" /><testcase classname="tests.test_super_admin_new_features.TestRecordPayment" name="test_record_payment_invalid_tenant" time="0.035" /><testcase classname="tests.test_super_admin_new_features.TestGetTenants" name="test_get_tenants_requires_auth" time="0.045" /><testcase classname="tests.test_super_admin_new_features.TestGetTenants" name="test_get_tenants_success" time="0.071" /><testcase classname="tests.test_super_admin_new_features.TestGetTenantDetails" name="test_get_tenant_details_success" time="0.302" /><testcase classname="tests.test_super_admin_new_features.TestGetTenantDetails" name="test_get_tenant_details_invalid_id" time="0.080" /><testcase classname="tests.test_super_admin_new_features.TestSuperAdminStats" name="test_stats_requires_auth" time="0.074" /><testcase classname="tests.test_super_admin_new_features.TestSuperAdminStats" name="test_stats_success" time="0.056" /></testsuite></testsuites>