<?xml version="1.0" encoding="utf-8"?><testsuites name="pytest tests"><testsuite name="pytest" errors="0" failures="0" skipped="0" tests="26" time="2.962" timestamp="2026-07-30T19:43:41.581420+00:00" hostname="agent-env-b116be24-b513-4b5e-b5fc-c59731e589e8"><testcase classname="tests.test_used_devices_modules.TestHealth" name="test_health" time="0.492" /><testcase classname="tests.test_used_devices_modules.TestHealth" name="test_used_devices_requires_auth" time="0.207" /><testcase classname="tests.test_used_devices_modules.TestModuleSettings" name="test_get_modules" time="0.058" /><testcase classname="tests.test_used_devices_modules.TestModuleSettings" name="test_update_modules_invalid_key" time="0.048" /><testcase classname="tests.test_used_devices_modules.TestModuleSettings" name="test_update_modules_roundtrip" time="0.103" /><testcase classname="tests.test_used_devices_modules.TestListAndStats" name="test_list[mobile]" time="0.053" /><testcase classname="tests.test_used_devices_modules.TestListAndStats" name="test_list[it]" time="0.049" /><testcase classname="tests.test_used_devices_modules.TestListAndStats" name="test_list_invalid_module" time="0.051" /><testcase classname="tests.test_used_devices_modules.TestListAndStats" name="test_stats[mobile]" time="0.055" /><testcase classname="tests.test_used_devices_modules.TestListAndStats" name="test_stats[it]" time="0.052" /><testcase classname="tests.test_used_devices_modules.TestListAndStats" name="test_stats_invalid_module" time="0.048" /><testcase classname="tests.test_used_devices_modules.TestCreateMobile" name="test_create_mobile_and_verify" time="0.208" /><testcase classname="tests.test_used_devices_modules.TestCreateMobile" name="test_duplicate_imei_rejected" time="0.119" /><testcase classname="tests.test_used_devices_modules.TestCreateMobile" name="test_invalid_imei_rejected" time="0.052" /><testcase classname="tests.test_used_devices_modules.TestCreateMobile" name="test_missing_imei_rejected" time="0.050" /><testcase classname="tests.test_used_devices_modules.TestCreateMobile" name="test_wrong_category_for_mobile" time="0.065" /><testcase classname="tests.test_used_devices_modules.TestCreateIT" name="test_create_it_and_verify" time="0.119" /><testcase classname="tests.test_used_devices_modules.TestCreateIT" name="test_duplicate_serial_rejected" time="0.103" /><testcase classname="tests.test_used_devices_modules.TestCreateIT" name="test_wrong_category_for_it" time="0.050" /><testcase classname="tests.test_used_devices_modules.TestCreateIT" name="test_invalid_module_rejected" time="0.046" /><testcase classname="tests.test_used_devices_modules.TestCreateIT" name="test_missing_required_field_422" time="0.048" /><testcase classname="tests.test_used_devices_modules.TestLifecycle" name="test_update_persists" time="0.157" /><testcase classname="tests.test_used_devices_modules.TestLifecycle" name="test_generate_and_sign_declaration" time="0.165" /><testcase classname="tests.test_used_devices_modules.TestLifecycle" name="test_sell_and_margin_hidden" time="0.109" /><testcase classname="tests.test_used_devices_modules.TestLifecycle" name="test_verify_profit_requires_password" time="0.058" /><testcase classname="tests.test_used_devices_modules.TestLifecycle" name="test_detail_not_found" time="0.340" /></testsuite></testsuites>